Код ошибки: 201.
Текст ошибки: Не хватает средств на лицевом счету.
дата 22-06-2020 09:00:01
array (
  79081418600 => 'Добрый день, Лоскутов Михаил Викторович. Напоминаем Вам об окончании полиса ОСАГО электронный № МММ6003711124 06.08.2020. Вы можете получить консультацию по телефону 300-33-12 или продлить полис страхования по адресу г. Воронеж, ул. Донбасская 44, 3 этаж, 8 кабинет. С уважением, страховое агентство "КАПИТАЛ".',
  79204315060 => 'Добрый день, Прибытков Дмитрий Михайлович. Напоминаем Вам об окончании полиса ОСАГО электронный № ХХХ0092086432 06.08.2020. Вы можете получить консультацию по телефону 300-33-12 или продлить полис страхования по адресу г. Воронеж, ул. Донбасская 44, 3 этаж, 8 кабинет. С уважением, страховое агентство "КАПИТАЛ".',
  79204127239 => 'Добрый день, Амелин Андрей Дмитриевич. Напоминаем Вам об окончании полиса ОСАГО типографский № ммм5028275256 06.08.2020. Вы можете получить консультацию по телефону 300-33-12 или продлить полис страхования по адресу г. Воронеж, ул. Донбасская 44, 3 этаж, 8 кабинет. С уважением, страховое агентство "КАПИТАЛ".',
  79611868801 => 'Добрый день, Крысанова Елена Игоревна. Напоминаем Вам об окончании полиса ОСАГО электронный № ХХХ0092425583 06.08.2020. Вы можете получить консультацию по телефону 300-33-12 или продлить полис страхования по адресу г. Воронеж, ул. Донбасская 44, 3 этаж, 8 кабинет. С уважением, страховое агентство "КАПИТАЛ".',
)
---
Код ошибки: 201.
Текст ошибки: Не хватает средств на лицевом счету.
дата 23-06-2020 09:00:01
array (
  79529526505 => 'Добрый день, Артемова Марина Анатольевна. Напоминаем Вам об окончании полиса ОСАГО типографский № МММ600371122 07.08.2020. Вы можете получить консультацию по телефону 300-33-12 или продлить полис страхования по адресу г. Воронеж, ул. Донбасская 44, 3 этаж, 8 кабинет. С уважением, страховое агентство "КАПИТАЛ".',
  79803495243 => 'Добрый день, Брюхов Алексей Владиславович. Напоминаем Вам об окончании полиса ОСАГО электронный № 0092455055 07.08.2020. Вы можете получить консультацию по телефону 300-33-12 или продлить полис страхования по адресу г. Воронеж, ул. Донбасская 44, 3 этаж, 8 кабинет. С уважением, страховое агентство "КАПИТАЛ".',
  79192125526 => 'Добрый день, Рязанова Татьяна Александровна. Напоминаем Вам об окончании полиса ОСАГО типографский № МММ5028391735 07.08.2020. Вы можете получить консультацию по телефону 300-33-12 или продлить полис страхования по адресу г. Воронеж, ул. Донбасская 44, 3 этаж, 8 кабинет. С уважением, страховое агентство "КАПИТАЛ".',
  79521044849 => 'Добрый день, Анисимов Евгений Геннадиевич. Напоминаем Вам об окончании полиса ОСАГО электронный № 0092558841 07.08.2020. Вы можете получить консультацию по телефону 300-33-12 или продлить полис страхования по адресу г. Воронеж, ул. Донбасская 44, 3 этаж, 8 кабинет. С уважением, страховое агентство "КАПИТАЛ".',
  79204188333 => 'Добрый день, Белянский Борис Вячеславович. Напоминаем Вам об окончании полиса ОСАГО типографский № МММ5028275259 07.08.2020. Вы можете получить консультацию по телефону 300-33-12 или продлить полис страхования по адресу г. Воронеж, ул. Донбасская 44, 3 этаж, 8 кабинет. С уважением, страховое агентство "КАПИТАЛ".',
  79107463361 => 'Добрый день, Давыдов Александр Андреевич. Напоминаем Вам об окончании полиса ОСАГО типографский № МММ5028275258 07.08.2020. Вы можете получить консультацию по телефону 300-33-12 или продлить полис страхования по адресу г. Воронеж, ул. Донбасская 44, 3 этаж, 8 кабинет. С уважением, страховое агентство "КАПИТАЛ".',
)
---
