'sms.ru: Код ошибки: 202.
Текст ошибки: Неправильно указан номер телефона получателя, либо на него нет маршрута.
телефон 78950761986'
13-12-2019 18:07:37
---

'sms.ru: Код ошибки: 202.
Текст ошибки: Неправильно указан номер телефона получателя, либо на него нет маршрута.
телефон 75665656565'
25-12-2019 13:47:34
---

'sms.ru: Код ошибки: 202.
Текст ошибки: Неправильно указан номер телефона получателя, либо на него нет маршрута.
телефон 76546854685'
25-12-2019 13:48:47
---

'sms.ru: Код ошибки: 202.
Текст ошибки: Неправильно указан номер телефона получателя, либо на него нет маршрута.
телефон 75468684654'
25-12-2019 13:54:22
---

'sms.ru: Код ошибки: 202.
Текст ошибки: Неправильно указан номер телефона получателя, либо на него нет маршрута.
телефон 74356365653'
25-12-2019 14:06:43
---

'sms.ru: Код ошибки: 202.
Текст ошибки: Неправильно указан номер телефона получателя, либо на него нет маршрута.
телефон 78908138990'
13-01-2020 14:34:48
---

'sms.ru: Код ошибки: 202.
Текст ошибки: Неправильно указан номер телефона получателя, либо на него нет маршрута.
телефон 78911111111'
01-02-2020 20:39:32
---

'sms.ru: Код ошибки: 202.
Текст ошибки: Неправильно указан номер телефона получателя, либо на него нет маршрута.
телефон 89999'
23-03-2020 20:43:17
---

'sms.ru: Код ошибки: 202.
Текст ошибки: Неправильно указан номер телефона получателя, либо на него нет маршрута.
телефон 579009999090'
25-03-2020 13:44:16
---

'sms.ru: Код ошибки: 202.
Текст ошибки: Неправильно указан номер телефона получателя, либо на него нет маршрута.
телефон 78764906467'
02-01-2022 14:21:49
---

'sms.ru: Код ошибки: 202.
Текст ошибки: Неправильно указан номер телефона получателя, либо на него нет маршрута.
телефон 5'
02-01-2022 14:21:49
---

'sms.ru: Код ошибки: 202.
Текст ошибки: Неправильно указан номер телефона получателя, либо на него нет маршрута.
телефон 87378187614'
03-01-2022 05:17:33
---

'sms.ru: Код ошибки: 207.
Текст ошибки: На этот номер нет маршрута для доставки сообщений.
телефон 79204505168'
14-01-2022 10:59:13
---

